<?xml version="1.0" encoding="UTF-8"?>
<testng-results ignored="0" total="1" passed="1" failed="0" skipped="0">
  <reporter-output>
    <line>
      <![CDATA[createcustomer]]>
    </line>
  </reporter-output>
  <suite started-at="2023-04-18T17:22:37 IST" name="Default suite" finished-at="2023-04-18T17:22:37 IST" duration-ms="155">
    <groups>
    </groups>
    <test started-at="2023-04-18T17:22:37 IST" name="Default test" finished-at="2023-04-18T17:22:37 IST" duration-ms="155">
      <class name="com.acttime.testscript.CustomerModule">
        <test-method signature="createCustomer()[pri:0, instance:com.acttime.testscript.CustomerModule@50a638b5]" started-at="2023-04-18T17:22:37 IST" name="createCustomer" finished-at="2023-04-18T17:22:37 IST" duration-ms="40" status="PASS">
          <reporter-output>
            <line>
              <![CDATA[createcustomer]]>
            </line>
          </reporter-output>
        </test-method> <!-- createCustomer -->
      </class> <!-- com.acttime.testscript.CustomerModule -->
    </test> <!-- Default test -->
  </suite> <!-- Default suite -->
</testng-results>
