<?xml version="1.0" encoding="UTF-8"?>
<testng-results ignored="0" total="1" passed="1" failed="0" skipped="0">
  <reporter-output>
    <line>
      <![CDATA[createcustomer]]>
    </line>
  </reporter-output>
  <suite started-at="2023-04-12T16:46:39 IST" name="Suite" finished-at="2023-04-12T16:46:40 IST" duration-ms="697">
    <groups>
    </groups>
    <test started-at="2023-04-12T16:46:39 IST" name="Test" finished-at="2023-04-12T16:46:40 IST" duration-ms="697">
      <class name="com.acttime.testscript.CustomerModule">
        <test-method signature="createCustomer()[pri:0, instance:com.acttime.testscript.CustomerModule@50a638b5]" started-at="2023-04-12T16:46:40 IST" name="createCustomer" finished-at="2023-04-12T16:46:40 IST" duration-ms="199" status="PASS">
          <reporter-output>
            <line>
              <![CDATA[createcustomer]]>
            </line>
          </reporter-output>
        </test-method> <!-- createCustomer -->
      </class> <!-- com.acttime.testscript.CustomerModule -->
    </test> <!-- Test -->
  </suite> <!-- Suite -->
</testng-results>
